2025-09-03T00:01:41.247+05:30  INFO 18704 --- [USER-AUTHENTICATION-SERVICE] [AsyncResolver-bootstrap-executor-%d] c.n.d.s.r.aws.ConfigClusterResolver      : Resolving eureka endpoints via configuration
2025-09-03T00:02:28.798+05:30 DEBUG 18704 --- [USER-AUTHENTICATION-SERVICE] [http-nio-8089-exec-9] org.hibernate.SQL                        : 
    select
        u1_0.id,
        u1_0.email,
        u1_0.name,
        u1_0.password,
        u1_0.user_role 
    from
        user u1_0 
    where
        u1_0.email=? 
    limit
        ?
2025-09-03T00:02:28.805+05:30 DEBUG 18704 --- [USER-AUTHENTICATION-SERVICE] [http-nio-8089-exec-9] org.hibernate.SQL                        : 
    select
        u1_0.id,
        u1_0.email,
        u1_0.name,
        u1_0.password,
        u1_0.user_role 
    from
        user u1_0 
    where
        u1_0.email=? 
    limit
        ?
2025-09-03T00:02:28.907+05:30 DEBUG 18704 --- [USER-AUTHENTICATION-SERVICE] [http-nio-8089-exec-9] org.hibernate.SQL                        : 
    insert 
    into
        user
        (email, name, password, user_role) 
    values
        (?, ?, ?, ?)
2025-09-03T00:05:18.699+05:30  WARN 18704 --- [USER-AUTHENTICATION-SERVICE] [http-nio-8089-exec-1] .w.s.m.s.DefaultHandlerExceptionResolver : Resolved [org.springframework.web.HttpRequestMethodNotSupportedException: Request method 'GET' is not supported]
2025-09-03T00:05:33.696+05:30 DEBUG 18704 --- [USER-AUTHENTICATION-SERVICE] [http-nio-8089-exec-2] org.hibernate.SQL                        : 
    select
        u1_0.id,
        u1_0.email,
        u1_0.name,
        u1_0.password,
        u1_0.user_role 
    from
        user u1_0 
    where
        u1_0.email=? 
    limit
        ?
2025-09-03T00:05:33.880+05:30  WARN 18704 --- [USER-AUTHENTICATION-SERVICE] [http-nio-8089-exec-2] .w.s.m.s.DefaultHandlerExceptionResolver : Resolved [org.springframework.web.HttpRequestMethodNotSupportedException: Request method 'GET' is not supported]
2025-09-03T00:05:37.816+05:30 DEBUG 18704 --- [USER-AUTHENTICATION-SERVICE] [http-nio-8089-exec-3] org.hibernate.SQL                        : 
    select
        u1_0.id,
        u1_0.email,
        u1_0.name,
        u1_0.password,
        u1_0.user_role 
    from
        user u1_0 
    where
        u1_0.email=? 
    limit
        ?
2025-09-03T00:05:37.929+05:30  WARN 18704 --- [USER-AUTHENTICATION-SERVICE] [http-nio-8089-exec-3] .w.s.m.s.DefaultHandlerExceptionResolver : Resolved [org.springframework.web.HttpRequestMethodNotSupportedException: Request method 'GET' is not supported]
2025-09-03T00:05:40.139+05:30 DEBUG 18704 --- [USER-AUTHENTICATION-SERVICE] [http-nio-8089-exec-5] org.hibernate.SQL                        : 
    select
        u1_0.id,
        u1_0.email,
        u1_0.name,
        u1_0.password,
        u1_0.user_role 
    from
        user u1_0 
    where
        u1_0.email=? 
    limit
        ?
2025-09-03T00:05:40.241+05:30  WARN 18704 --- [USER-AUTHENTICATION-SERVICE] [http-nio-8089-exec-5] .w.s.m.s.DefaultHandlerExceptionResolver : Resolved [org.springframework.web.HttpRequestMethodNotSupportedException: Request method 'GET' is not supported]
2025-09-03T00:05:41.123+05:30 DEBUG 18704 --- [USER-AUTHENTICATION-SERVICE] [http-nio-8089-exec-6] org.hibernate.SQL                        : 
    select
        u1_0.id,
        u1_0.email,
        u1_0.name,
        u1_0.password,
        u1_0.user_role 
    from
        user u1_0 
    where
        u1_0.email=? 
    limit
        ?
2025-09-03T00:05:41.219+05:30  WARN 18704 --- [USER-AUTHENTICATION-SERVICE] [http-nio-8089-exec-6] .w.s.m.s.DefaultHandlerExceptionResolver : Resolved [org.springframework.web.HttpRequestMethodNotSupportedException: Request method 'GET' is not supported]
2025-09-03T00:05:42.386+05:30 DEBUG 18704 --- [USER-AUTHENTICATION-SERVICE] [http-nio-8089-exec-4] org.hibernate.SQL                        : 
    select
        u1_0.id,
        u1_0.email,
        u1_0.name,
        u1_0.password,
        u1_0.user_role 
    from
        user u1_0 
    where
        u1_0.email=? 
    limit
        ?
2025-09-03T00:05:42.494+05:30  WARN 18704 --- [USER-AUTHENTICATION-SERVICE] [http-nio-8089-exec-4] .w.s.m.s.DefaultHandlerExceptionResolver : Resolved [org.springframework.web.HttpRequestMethodNotSupportedException: Request method 'GET' is not supported]
2025-09-03T00:05:42.669+05:30 DEBUG 18704 --- [USER-AUTHENTICATION-SERVICE] [http-nio-8089-exec-7] org.hibernate.SQL                        : 
    select
        u1_0.id,
        u1_0.email,
        u1_0.name,
        u1_0.password,
        u1_0.user_role 
    from
        user u1_0 
    where
        u1_0.email=? 
    limit
        ?
2025-09-03T00:05:42.772+05:30  WARN 18704 --- [USER-AUTHENTICATION-SERVICE] [http-nio-8089-exec-7] .w.s.m.s.DefaultHandlerExceptionResolver : Resolved [org.springframework.web.HttpRequestMethodNotSupportedException: Request method 'GET' is not supported]
2025-09-03T00:05:42.896+05:30 DEBUG 18704 --- [USER-AUTHENTICATION-SERVICE] [http-nio-8089-exec-8] org.hibernate.SQL                        : 
    select
        u1_0.id,
        u1_0.email,
        u1_0.name,
        u1_0.password,
        u1_0.user_role 
    from
        user u1_0 
    where
        u1_0.email=? 
    limit
        ?
2025-09-03T00:05:43.002+05:30  WARN 18704 --- [USER-AUTHENTICATION-SERVICE] [http-nio-8089-exec-8] .w.s.m.s.DefaultHandlerExceptionResolver : Resolved [org.springframework.web.HttpRequestMethodNotSupportedException: Request method 'GET' is not supported]
2025-09-03T00:05:43.079+05:30 DEBUG 18704 --- [USER-AUTHENTICATION-SERVICE] [http-nio-8089-exec-9] org.hibernate.SQL                        : 
    select
        u1_0.id,
        u1_0.email,
        u1_0.name,
        u1_0.password,
        u1_0.user_role 
    from
        user u1_0 
    where
        u1_0.email=? 
    limit
        ?
2025-09-03T00:05:43.190+05:30  WARN 18704 --- [USER-AUTHENTICATION-SERVICE] [http-nio-8089-exec-9] .w.s.m.s.DefaultHandlerExceptionResolver : Resolved [org.springframework.web.HttpRequestMethodNotSupportedException: Request method 'GET' is not supported]
2025-09-03T00:05:43.307+05:30 DEBUG 18704 --- [USER-AUTHENTICATION-SERVICE] [http-nio-8089-exec-10] org.hibernate.SQL                        : 
    select
        u1_0.id,
        u1_0.email,
        u1_0.name,
        u1_0.password,
        u1_0.user_role 
    from
        user u1_0 
    where
        u1_0.email=? 
    limit
        ?
2025-09-03T00:05:43.423+05:30  WARN 18704 --- [USER-AUTHENTICATION-SERVICE] [http-nio-8089-exec-10] .w.s.m.s.DefaultHandlerExceptionResolver : Resolved [org.springframework.web.HttpRequestMethodNotSupportedException: Request method 'GET' is not supported]
2025-09-03T00:05:46.090+05:30 DEBUG 18704 --- [USER-AUTHENTICATION-SERVICE] [http-nio-8089-exec-1] org.hibernate.SQL                        : 
    select
        u1_0.id,
        u1_0.email,
        u1_0.name,
        u1_0.password,
        u1_0.user_role 
    from
        user u1_0 
    where
        u1_0.email=? 
    limit
        ?
2025-09-03T00:05:46.202+05:30  WARN 18704 --- [USER-AUTHENTICATION-SERVICE] [http-nio-8089-exec-1] .w.s.m.s.DefaultHandlerExceptionResolver : Resolved [org.springframework.web.HttpRequestMethodNotSupportedException: Request method 'GET' is not supported]
2025-09-03T00:06:41.469+05:30  INFO 18704 --- [USER-AUTHENTICATION-SERVICE] [AsyncResolver-bootstrap-executor-%d] c.n.d.s.r.aws.ConfigClusterResolver      : Resolving eureka endpoints via configuration
2025-09-03T00:11:41.500+05:30  INFO 18704 --- [USER-AUTHENTICATION-SERVICE] [AsyncResolver-bootstrap-executor-%d] c.n.d.s.r.aws.ConfigClusterResolver      : Resolving eureka endpoints via configuration
2025-09-03T00:15:48.255+05:30  WARN 18704 --- [USER-AUTHENTICATION-SERVICE] [http-nio-8089-exec-3] .w.s.m.s.DefaultHandlerExceptionResolver : Resolved [org.springframework.web.bind.MethodArgumentNotValidException: Validation failed for argument [0] in public org.springframework.http.ResponseEntity<?> com.wipro.UserAuthService.auth.AuthController.signupUser(com.wipro.UserAuthService.dto.SignupRequest): [Field error in object 'signupRequest' on field 'password': rejected value [asdfghjkl]; codes [Pattern.signupRequest.password,Pattern.password,Pattern.java.lang.String,Pattern]; arguments [org.springframework.context.support.DefaultMessageSourceResolvable: codes [signupRequest.password,password]; arguments []; default message [password],[Ljakarta.validation.constraints.Pattern$Flag;@79971cef,^(?=.*[a-z])(?=.*[A-Z])(?=.*\d)(?=.*[@#$%^&+=*!?])[A-Za-z\d@#$%^&+=*!?]{8,20}$]; default message [Password must contain at least one uppercase, one lowercase, one digit, and one special character]] ]
2025-09-03T00:16:41.535+05:30  INFO 18704 --- [USER-AUTHENTICATION-SERVICE] [AsyncResolver-bootstrap-executor-%d] c.n.d.s.r.aws.ConfigClusterResolver      : Resolving eureka endpoints via configuration
2025-09-03T00:21:41.568+05:30  INFO 18704 --- [USER-AUTHENTICATION-SERVICE] [AsyncResolver-bootstrap-executor-%d] c.n.d.s.r.aws.ConfigClusterResolver      : Resolving eureka endpoints via configuration
2025-09-03T00:26:41.598+05:30  INFO 18704 --- [USER-AUTHENTICATION-SERVICE] [AsyncResolver-bootstrap-executor-%d] c.n.d.s.r.aws.ConfigClusterResolver      : Resolving eureka endpoints via configuration
2025-09-03T00:28:53.526+05:30  WARN 18704 --- [USER-AUTHENTICATION-SERVICE] [http-nio-8089-exec-6] .w.s.m.s.DefaultHandlerExceptionResolver : Resolved [org.springframework.web.bind.MethodArgumentNotValidException: Validation failed for argument [0] in public org.springframework.http.ResponseEntity<?> com.wipro.UserAuthService.auth.AuthController.signupUser(com.wipro.UserAuthService.dto.SignupRequest) with 2 errors: [Field error in object 'signupRequest' on field 'password': rejected value [sdfghgfd]; codes [Pattern.signupRequest.password,Pattern.password,Pattern.java.lang.String,Pattern]; arguments [org.springframework.context.support.DefaultMessageSourceResolvable: codes [signupRequest.password,password]; arguments []; default message [password],[Ljakarta.validation.constraints.Pattern$Flag;@79971cef,^(?=.*[a-z])(?=.*[A-Z])(?=.*\d)(?=.*[@#$%^&+=*!?])[A-Za-z\d@#$%^&+=*!?]{8,20}$]; default message [Password must contain at least one uppercase, one lowercase, one digit, and one special character]] [Field error in object 'signupRequest' on field 'name': rejected value [asdf]; codes [Size.signupRequest.name,Size.name,Size.java.lang.String,Size]; arguments [org.springframework.context.support.DefaultMessageSourceResolvable: codes [signupRequest.name,name]; arguments []; default message [name],50,5]; default message [Name must be between 5 and 50 characters]] ]
2025-09-03T00:31:41.669+05:30  INFO 18704 --- [USER-AUTHENTICATION-SERVICE] [AsyncResolver-bootstrap-executor-%d] c.n.d.s.r.aws.ConfigClusterResolver      : Resolving eureka endpoints via configuration
2025-09-03T00:36:41.908+05:30  INFO 18704 --- [USER-AUTHENTICATION-SERVICE] [AsyncResolver-bootstrap-executor-%d] c.n.d.s.r.aws.ConfigClusterResolver      : Resolving eureka endpoints via configuration
2025-09-03T00:37:21.574+05:30 DEBUG 18704 --- [USER-AUTHENTICATION-SERVICE] [http-nio-8089-exec-7] org.hibernate.SQL                        : 
    select
        u1_0.id,
        u1_0.email,
        u1_0.name,
        u1_0.password,
        u1_0.user_role 
    from
        user u1_0 
    where
        u1_0.email=? 
    limit
        ?
2025-09-03T00:37:21.929+05:30 DEBUG 18704 --- [USER-AUTHENTICATION-SERVICE] [http-nio-8089-exec-7] org.hibernate.SQL                        : 
    select
        u1_0.id,
        u1_0.email,
        u1_0.name,
        u1_0.password,
        u1_0.user_role 
    from
        user u1_0 
    where
        u1_0.email=? 
    limit
        ?
2025-09-03T00:37:21.938+05:30 DEBUG 18704 --- [USER-AUTHENTICATION-SERVICE] [http-nio-8089-exec-7] org.hibernate.SQL                        : 
    select
        u1_0.id,
        u1_0.email,
        u1_0.name,
        u1_0.password,
        u1_0.user_role 
    from
        user u1_0 
    where
        u1_0.email=? 
    limit
        ?
2025-09-03T00:41:42.852+05:30  INFO 18704 --- [USER-AUTHENTICATION-SERVICE] [AsyncResolver-bootstrap-executor-%d] c.n.d.s.r.aws.ConfigClusterResolver      : Resolving eureka endpoints via configuration
2025-09-03T00:46:42.944+05:30  INFO 18704 --- [USER-AUTHENTICATION-SERVICE] [AsyncResolver-bootstrap-executor-%d] c.n.d.s.r.aws.ConfigClusterResolver      : Resolving eureka endpoints via configuration
2025-09-03T00:50:10.790+05:30 DEBUG 18704 --- [USER-AUTHENTICATION-SERVICE] [http-nio-8089-exec-9] org.hibernate.SQL                        : 
    select
        u1_0.id,
        u1_0.email,
        u1_0.name,
        u1_0.password,
        u1_0.user_role 
    from
        user u1_0 
    where
        u1_0.email=? 
    limit
        ?
2025-09-03T00:50:11.014+05:30 DEBUG 18704 --- [USER-AUTHENTICATION-SERVICE] [http-nio-8089-exec-9] org.hibernate.SQL                        : 
    select
        u1_0.id,
        u1_0.email,
        u1_0.name,
        u1_0.password,
        u1_0.user_role 
    from
        user u1_0 
    where
        u1_0.email=? 
    limit
        ?
2025-09-03T00:50:11.014+05:30 DEBUG 18704 --- [USER-AUTHENTICATION-SERVICE] [http-nio-8089-exec-9] org.hibernate.SQL                        : 
    select
        u1_0.id,
        u1_0.email,
        u1_0.name,
        u1_0.password,
        u1_0.user_role 
    from
        user u1_0 
    where
        u1_0.email=? 
    limit
        ?
2025-09-03T00:51:43.039+05:30  INFO 18704 --- [USER-AUTHENTICATION-SERVICE] [AsyncResolver-bootstrap-executor-%d] c.n.d.s.r.aws.ConfigClusterResolver      : Resolving eureka endpoints via configuration
2025-09-03T00:56:43.068+05:30  INFO 18704 --- [USER-AUTHENTICATION-SERVICE] [AsyncResolver-bootstrap-executor-%d] c.n.d.s.r.aws.ConfigClusterResolver      : Resolving eureka endpoints via configuration
2025-09-03T01:01:43.098+05:30  INFO 18704 --- [USER-AUTHENTICATION-SERVICE] [AsyncResolver-bootstrap-executor-%d] c.n.d.s.r.aws.ConfigClusterResolver      : Resolving eureka endpoints via configuration
2025-09-03T01:06:43.120+05:30  INFO 18704 --- [USER-AUTHENTICATION-SERVICE] [AsyncResolver-bootstrap-executor-%d] c.n.d.s.r.aws.ConfigClusterResolver      : Resolving eureka endpoints via configuration
2025-09-03T01:11:43.162+05:30  INFO 18704 --- [USER-AUTHENTICATION-SERVICE] [AsyncResolver-bootstrap-executor-%d] c.n.d.s.r.aws.ConfigClusterResolver      : Resolving eureka endpoints via configuration
2025-09-03T01:12:04.781+05:30 DEBUG 18704 --- [USER-AUTHENTICATION-SERVICE] [http-nio-8089-exec-1] org.hibernate.SQL                        : 
    select
        u1_0.id,
        u1_0.email,
        u1_0.name,
        u1_0.password,
        u1_0.user_role 
    from
        user u1_0 
    where
        u1_0.email=? 
    limit
        ?
2025-09-03T01:12:05.274+05:30 DEBUG 18704 --- [USER-AUTHENTICATION-SERVICE] [http-nio-8089-exec-1] org.hibernate.SQL                        : 
    select
        u1_0.id,
        u1_0.email,
        u1_0.name,
        u1_0.password,
        u1_0.user_role 
    from
        user u1_0 
    where
        u1_0.email=? 
    limit
        ?
2025-09-03T01:12:05.274+05:30 DEBUG 18704 --- [USER-AUTHENTICATION-SERVICE] [http-nio-8089-exec-1] org.hibernate.SQL                        : 
    select
        u1_0.id,
        u1_0.email,
        u1_0.name,
        u1_0.password,
        u1_0.user_role 
    from
        user u1_0 
    where
        u1_0.email=? 
    limit
        ?
2025-09-03T01:12:33.089+05:30 DEBUG 18704 --- [USER-AUTHENTICATION-SERVICE] [http-nio-8089-exec-2] org.hibernate.SQL                        : 
    select
        u1_0.id,
        u1_0.email,
        u1_0.name,
        u1_0.password,
        u1_0.user_role 
    from
        user u1_0 
    where
        u1_0.email=? 
    limit
        ?
2025-09-03T01:12:33.372+05:30 DEBUG 18704 --- [USER-AUTHENTICATION-SERVICE] [http-nio-8089-exec-2] org.hibernate.SQL                        : 
    select
        u1_0.id,
        u1_0.email,
        u1_0.name,
        u1_0.password,
        u1_0.user_role 
    from
        user u1_0 
    where
        u1_0.email=? 
    limit
        ?
2025-09-03T01:12:33.376+05:30 DEBUG 18704 --- [USER-AUTHENTICATION-SERVICE] [http-nio-8089-exec-2] org.hibernate.SQL                        : 
    select
        u1_0.id,
        u1_0.email,
        u1_0.name,
        u1_0.password,
        u1_0.user_role 
    from
        user u1_0 
    where
        u1_0.email=? 
    limit
        ?
2025-09-03T01:13:07.116+05:30 DEBUG 18704 --- [USER-AUTHENTICATION-SERVICE] [http-nio-8089-exec-3] org.hibernate.SQL                        : 
    select
        u1_0.id,
        u1_0.email,
        u1_0.name,
        u1_0.password,
        u1_0.user_role 
    from
        user u1_0 
    where
        u1_0.email=? 
    limit
        ?
2025-09-03T01:13:07.335+05:30 DEBUG 18704 --- [USER-AUTHENTICATION-SERVICE] [http-nio-8089-exec-3] org.hibernate.SQL                        : 
    select
        u1_0.id,
        u1_0.email,
        u1_0.name,
        u1_0.password,
        u1_0.user_role 
    from
        user u1_0 
    where
        u1_0.email=? 
    limit
        ?
2025-09-03T01:13:07.336+05:30 DEBUG 18704 --- [USER-AUTHENTICATION-SERVICE] [http-nio-8089-exec-3] org.hibernate.SQL                        : 
    select
        u1_0.id,
        u1_0.email,
        u1_0.name,
        u1_0.password,
        u1_0.user_role 
    from
        user u1_0 
    where
        u1_0.email=? 
    limit
        ?
2025-09-03T01:16:43.272+05:30  INFO 18704 --- [USER-AUTHENTICATION-SERVICE] [AsyncResolver-bootstrap-executor-%d] c.n.d.s.r.aws.ConfigClusterResolver      : Resolving eureka endpoints via configuration
2025-09-03T01:21:43.353+05:30  INFO 18704 --- [USER-AUTHENTICATION-SERVICE] [AsyncResolver-bootstrap-executor-%d] c.n.d.s.r.aws.ConfigClusterResolver      : Resolving eureka endpoints via configuration
2025-09-03T01:26:43.730+05:30  INFO 18704 --- [USER-AUTHENTICATION-SERVICE] [AsyncResolver-bootstrap-executor-%d] c.n.d.s.r.aws.ConfigClusterResolver      : Resolving eureka endpoints via configuration
2025-09-03T01:31:43.783+05:30  INFO 18704 --- [USER-AUTHENTICATION-SERVICE] [AsyncResolver-bootstrap-executor-%d] c.n.d.s.r.aws.ConfigClusterResolver      : Resolving eureka endpoints via configuration
2025-09-03T01:36:43.792+05:30  INFO 18704 --- [USER-AUTHENTICATION-SERVICE] [AsyncResolver-bootstrap-executor-%d] c.n.d.s.r.aws.ConfigClusterResolver      : Resolving eureka endpoints via configuration
2025-09-03T01:40:39.496+05:30 DEBUG 18704 --- [USER-AUTHENTICATION-SERVICE] [http-nio-8089-exec-6] org.hibernate.SQL                        : 
    select
        u1_0.id,
        u1_0.email,
        u1_0.name,
        u1_0.password,
        u1_0.user_role 
    from
        user u1_0 
    where
        u1_0.email=? 
    limit
        ?
2025-09-03T01:40:39.737+05:30 DEBUG 18704 --- [USER-AUTHENTICATION-SERVICE] [http-nio-8089-exec-4] org.hibernate.SQL                        : 
    select
        u1_0.id,
        u1_0.email,
        u1_0.name,
        u1_0.password,
        u1_0.user_role 
    from
        user u1_0 
    where
        u1_0.email=? 
    limit
        ?
2025-09-03T01:40:39.832+05:30 DEBUG 18704 --- [USER-AUTHENTICATION-SERVICE] [http-nio-8089-exec-6] org.hibernate.SQL                        : 
    select
        u1_0.id,
        u1_0.email,
        u1_0.name,
        u1_0.password,
        u1_0.user_role 
    from
        user u1_0 
    where
        u1_0.email=? 
    limit
        ?
2025-09-03T01:40:39.832+05:30 DEBUG 18704 --- [USER-AUTHENTICATION-SERVICE] [http-nio-8089-exec-6] org.hibernate.SQL                        : 
    select
        u1_0.id,
        u1_0.email,
        u1_0.name,
        u1_0.password,
        u1_0.user_role 
    from
        user u1_0 
    where
        u1_0.email=? 
    limit
        ?
2025-09-03T01:40:39.880+05:30 DEBUG 18704 --- [USER-AUTHENTICATION-SERVICE] [http-nio-8089-exec-4] org.hibernate.SQL                        : 
    select
        u1_0.id,
        u1_0.email,
        u1_0.name,
        u1_0.password,
        u1_0.user_role 
    from
        user u1_0 
    where
        u1_0.email=? 
    limit
        ?
2025-09-03T01:40:39.883+05:30 DEBUG 18704 --- [USER-AUTHENTICATION-SERVICE] [http-nio-8089-exec-4] org.hibernate.SQL                        : 
    select
        u1_0.id,
        u1_0.email,
        u1_0.name,
        u1_0.password,
        u1_0.user_role 
    from
        user u1_0 
    where
        u1_0.email=? 
    limit
        ?
2025-09-03T01:40:52.198+05:30 DEBUG 18704 --- [USER-AUTHENTICATION-SERVICE] [http-nio-8089-exec-7] org.hibernate.SQL                        : 
    select
        u1_0.id,
        u1_0.email,
        u1_0.name,
        u1_0.password,
        u1_0.user_role 
    from
        user u1_0 
    where
        u1_0.email=? 
    limit
        ?
2025-09-03T01:40:52.412+05:30 DEBUG 18704 --- [USER-AUTHENTICATION-SERVICE] [http-nio-8089-exec-7] org.hibernate.SQL                        : 
    select
        u1_0.id,
        u1_0.email,
        u1_0.name,
        u1_0.password,
        u1_0.user_role 
    from
        user u1_0 
    where
        u1_0.email=? 
    limit
        ?
2025-09-03T01:40:52.417+05:30 DEBUG 18704 --- [USER-AUTHENTICATION-SERVICE] [http-nio-8089-exec-7] org.hibernate.SQL                        : 
    select
        u1_0.id,
        u1_0.email,
        u1_0.name,
        u1_0.password,
        u1_0.user_role 
    from
        user u1_0 
    where
        u1_0.email=? 
    limit
        ?
2025-09-03T01:41:43.801+05:30  INFO 18704 --- [USER-AUTHENTICATION-SERVICE] [AsyncResolver-bootstrap-executor-%d] c.n.d.s.r.aws.ConfigClusterResolver      : Resolving eureka endpoints via configuration
2025-09-03T01:45:03.800+05:30 DEBUG 18704 --- [USER-AUTHENTICATION-SERVICE] [http-nio-8089-exec-10] org.hibernate.SQL                        : 
    select
        u1_0.id,
        u1_0.email,
        u1_0.name,
        u1_0.password,
        u1_0.user_role 
    from
        user u1_0 
    where
        u1_0.email=? 
    limit
        ?
2025-09-03T01:45:04.022+05:30 DEBUG 18704 --- [USER-AUTHENTICATION-SERVICE] [http-nio-8089-exec-10] org.hibernate.SQL                        : 
    select
        u1_0.id,
        u1_0.email,
        u1_0.name,
        u1_0.password,
        u1_0.user_role 
    from
        user u1_0 
    where
        u1_0.email=? 
    limit
        ?
2025-09-03T01:45:04.025+05:30 DEBUG 18704 --- [USER-AUTHENTICATION-SERVICE] [http-nio-8089-exec-10] org.hibernate.SQL                        : 
    select
        u1_0.id,
        u1_0.email,
        u1_0.name,
        u1_0.password,
        u1_0.user_role 
    from
        user u1_0 
    where
        u1_0.email=? 
    limit
        ?
2025-09-03T01:46:43.825+05:30  INFO 18704 --- [USER-AUTHENTICATION-SERVICE] [AsyncResolver-bootstrap-executor-%d] c.n.d.s.r.aws.ConfigClusterResolver      : Resolving eureka endpoints via configuration
2025-09-03T01:48:07.763+05:30 DEBUG 18704 --- [USER-AUTHENTICATION-SERVICE] [http-nio-8089-exec-2] org.hibernate.SQL                        : 
    select
        u1_0.id,
        u1_0.email,
        u1_0.name,
        u1_0.password,
        u1_0.user_role 
    from
        user u1_0 
    where
        u1_0.email=? 
    limit
        ?
2025-09-03T01:48:08.034+05:30 DEBUG 18704 --- [USER-AUTHENTICATION-SERVICE] [http-nio-8089-exec-2] org.hibernate.SQL                        : 
    select
        u1_0.id,
        u1_0.email,
        u1_0.name,
        u1_0.password,
        u1_0.user_role 
    from
        user u1_0 
    where
        u1_0.email=? 
    limit
        ?
2025-09-03T01:48:08.040+05:30 DEBUG 18704 --- [USER-AUTHENTICATION-SERVICE] [http-nio-8089-exec-2] org.hibernate.SQL                        : 
    select
        u1_0.id,
        u1_0.email,
        u1_0.name,
        u1_0.password,
        u1_0.user_role 
    from
        user u1_0 
    where
        u1_0.email=? 
    limit
        ?
2025-09-03T01:49:27.055+05:30 DEBUG 18704 --- [USER-AUTHENTICATION-SERVICE] [http-nio-8089-exec-5] org.hibernate.SQL                        : 
    select
        u1_0.id,
        u1_0.email,
        u1_0.name,
        u1_0.password,
        u1_0.user_role 
    from
        user u1_0 
    where
        u1_0.email=? 
    limit
        ?
2025-09-03T01:49:27.237+05:30 DEBUG 18704 --- [USER-AUTHENTICATION-SERVICE] [http-nio-8089-exec-5] org.hibernate.SQL                        : 
    select
        u1_0.id,
        u1_0.email,
        u1_0.name,
        u1_0.password,
        u1_0.user_role 
    from
        user u1_0 
    where
        u1_0.email=? 
    limit
        ?
2025-09-03T01:49:27.244+05:30 DEBUG 18704 --- [USER-AUTHENTICATION-SERVICE] [http-nio-8089-exec-5] org.hibernate.SQL                        : 
    select
        u1_0.id,
        u1_0.email,
        u1_0.name,
        u1_0.password,
        u1_0.user_role 
    from
        user u1_0 
    where
        u1_0.email=? 
    limit
        ?
2025-09-03T01:51:43.846+05:30  INFO 18704 --- [USER-AUTHENTICATION-SERVICE] [AsyncResolver-bootstrap-executor-%d] c.n.d.s.r.aws.ConfigClusterResolver      : Resolving eureka endpoints via configuration
2025-09-03T01:56:43.873+05:30  INFO 18704 --- [USER-AUTHENTICATION-SERVICE] [AsyncResolver-bootstrap-executor-%d] c.n.d.s.r.aws.ConfigClusterResolver      : Resolving eureka endpoints via configuration
2025-09-03T02:01:43.897+05:30  INFO 18704 --- [USER-AUTHENTICATION-SERVICE] [AsyncResolver-bootstrap-executor-%d] c.n.d.s.r.aws.ConfigClusterResolver      : Resolving eureka endpoints via configuration
2025-09-03T02:01:51.093+05:30 DEBUG 18704 --- [USER-AUTHENTICATION-SERVICE] [http-nio-8089-exec-4] org.hibernate.SQL                        : 
    select
        u1_0.id,
        u1_0.email,
        u1_0.name,
        u1_0.password,
        u1_0.user_role 
    from
        user u1_0 
    where
        u1_0.email=? 
    limit
        ?
2025-09-03T02:01:51.238+05:30 DEBUG 18704 --- [USER-AUTHENTICATION-SERVICE] [http-nio-8089-exec-4] org.hibernate.SQL                        : 
    select
        u1_0.id,
        u1_0.email,
        u1_0.name,
        u1_0.password,
        u1_0.user_role 
    from
        user u1_0 
    where
        u1_0.email=? 
    limit
        ?
2025-09-03T02:01:51.241+05:30 DEBUG 18704 --- [USER-AUTHENTICATION-SERVICE] [http-nio-8089-exec-4] org.hibernate.SQL                        : 
    select
        u1_0.id,
        u1_0.email,
        u1_0.name,
        u1_0.password,
        u1_0.user_role 
    from
        user u1_0 
    where
        u1_0.email=? 
    limit
        ?
2025-09-03T02:04:46.224+05:30 DEBUG 18704 --- [USER-AUTHENTICATION-SERVICE] [http-nio-8089-exec-8] org.hibernate.SQL                        : 
    select
        u1_0.id,
        u1_0.email,
        u1_0.name,
        u1_0.password,
        u1_0.user_role 
    from
        user u1_0 
    where
        u1_0.email=? 
    limit
        ?
2025-09-03T02:04:46.406+05:30 DEBUG 18704 --- [USER-AUTHENTICATION-SERVICE] [http-nio-8089-exec-8] org.hibernate.SQL                        : 
    select
        u1_0.id,
        u1_0.email,
        u1_0.name,
        u1_0.password,
        u1_0.user_role 
    from
        user u1_0 
    where
        u1_0.email=? 
    limit
        ?
2025-09-03T02:04:46.417+05:30 DEBUG 18704 --- [USER-AUTHENTICATION-SERVICE] [http-nio-8089-exec-8] org.hibernate.SQL                        : 
    select
        u1_0.id,
        u1_0.email,
        u1_0.name,
        u1_0.password,
        u1_0.user_role 
    from
        user u1_0 
    where
        u1_0.email=? 
    limit
        ?
2025-09-03T02:06:44.211+05:30  INFO 18704 --- [USER-AUTHENTICATION-SERVICE] [AsyncResolver-bootstrap-executor-%d] c.n.d.s.r.aws.ConfigClusterResolver      : Resolving eureka endpoints via configuration
2025-09-03T02:11:44.225+05:30  INFO 18704 --- [USER-AUTHENTICATION-SERVICE] [AsyncResolver-bootstrap-executor-%d] c.n.d.s.r.aws.ConfigClusterResolver      : Resolving eureka endpoints via configuration
2025-09-03T02:13:24.950+05:30 DEBUG 18704 --- [USER-AUTHENTICATION-SERVICE] [http-nio-8089-exec-10] org.hibernate.SQL                        : 
    select
        u1_0.id,
        u1_0.email,
        u1_0.name,
        u1_0.password,
        u1_0.user_role 
    from
        user u1_0 
    where
        u1_0.email=? 
    limit
        ?
2025-09-03T02:13:25.294+05:30 DEBUG 18704 --- [USER-AUTHENTICATION-SERVICE] [http-nio-8089-exec-10] org.hibernate.SQL                        : 
    select
        u1_0.id,
        u1_0.email,
        u1_0.name,
        u1_0.password,
        u1_0.user_role 
    from
        user u1_0 
    where
        u1_0.email=? 
    limit
        ?
2025-09-03T02:13:25.299+05:30 DEBUG 18704 --- [USER-AUTHENTICATION-SERVICE] [http-nio-8089-exec-10] org.hibernate.SQL                        : 
    select
        u1_0.id,
        u1_0.email,
        u1_0.name,
        u1_0.password,
        u1_0.user_role 
    from
        user u1_0 
    where
        u1_0.email=? 
    limit
        ?
2025-09-03T02:16:44.253+05:30  INFO 18704 --- [USER-AUTHENTICATION-SERVICE] [AsyncResolver-bootstrap-executor-%d] c.n.d.s.r.aws.ConfigClusterResolver      : Resolving eureka endpoints via configuration
2025-09-03T02:19:27.644+05:30 DEBUG 18704 --- [USER-AUTHENTICATION-SERVICE] [http-nio-8089-exec-2] org.hibernate.SQL                        : 
    select
        u1_0.id,
        u1_0.email,
        u1_0.name,
        u1_0.password,
        u1_0.user_role 
    from
        user u1_0 
    where
        u1_0.email=? 
    limit
        ?
2025-09-03T02:19:27.859+05:30 DEBUG 18704 --- [USER-AUTHENTICATION-SERVICE] [http-nio-8089-exec-2] org.hibernate.SQL                        : 
    select
        u1_0.id,
        u1_0.email,
        u1_0.name,
        u1_0.password,
        u1_0.user_role 
    from
        user u1_0 
    where
        u1_0.email=? 
    limit
        ?
2025-09-03T02:19:27.870+05:30 DEBUG 18704 --- [USER-AUTHENTICATION-SERVICE] [http-nio-8089-exec-2] org.hibernate.SQL                        : 
    select
        u1_0.id,
        u1_0.email,
        u1_0.name,
        u1_0.password,
        u1_0.user_role 
    from
        user u1_0 
    where
        u1_0.email=? 
    limit
        ?
2025-09-03T02:21:44.270+05:30  INFO 18704 --- [USER-AUTHENTICATION-SERVICE] [AsyncResolver-bootstrap-executor-%d] c.n.d.s.r.aws.ConfigClusterResolver      : Resolving eureka endpoints via configuration
2025-09-03T02:26:44.283+05:30  INFO 18704 --- [USER-AUTHENTICATION-SERVICE] [AsyncResolver-bootstrap-executor-%d] c.n.d.s.r.aws.ConfigClusterResolver      : Resolving eureka endpoints via configuration
2025-09-03T02:27:49.680+05:30 DEBUG 18704 --- [USER-AUTHENTICATION-SERVICE] [http-nio-8089-exec-5] org.hibernate.SQL                        : 
    select
        u1_0.id,
        u1_0.email,
        u1_0.name,
        u1_0.password,
        u1_0.user_role 
    from
        user u1_0 
    where
        u1_0.email=? 
    limit
        ?
2025-09-03T02:27:49.943+05:30 DEBUG 18704 --- [USER-AUTHENTICATION-SERVICE] [http-nio-8089-exec-5] org.hibernate.SQL                        : 
    select
        u1_0.id,
        u1_0.email,
        u1_0.name,
        u1_0.password,
        u1_0.user_role 
    from
        user u1_0 
    where
        u1_0.email=? 
    limit
        ?
2025-09-03T02:27:49.949+05:30 DEBUG 18704 --- [USER-AUTHENTICATION-SERVICE] [http-nio-8089-exec-5] org.hibernate.SQL                        : 
    select
        u1_0.id,
        u1_0.email,
        u1_0.name,
        u1_0.password,
        u1_0.user_role 
    from
        user u1_0 
    where
        u1_0.email=? 
    limit
        ?
2025-09-03T02:31:44.294+05:30  INFO 18704 --- [USER-AUTHENTICATION-SERVICE] [AsyncResolver-bootstrap-executor-%d] c.n.d.s.r.aws.ConfigClusterResolver      : Resolving eureka endpoints via configuration
2025-09-03T02:34:17.286+05:30 DEBUG 18704 --- [USER-AUTHENTICATION-SERVICE] [http-nio-8089-exec-4] org.hibernate.SQL                        : 
    select
        u1_0.id,
        u1_0.email,
        u1_0.name,
        u1_0.password,
        u1_0.user_role 
    from
        user u1_0 
    where
        u1_0.email=? 
    limit
        ?
2025-09-03T02:34:17.434+05:30 DEBUG 18704 --- [USER-AUTHENTICATION-SERVICE] [http-nio-8089-exec-4] org.hibernate.SQL                        : 
    select
        u1_0.id,
        u1_0.email,
        u1_0.name,
        u1_0.password,
        u1_0.user_role 
    from
        user u1_0 
    where
        u1_0.email=? 
    limit
        ?
2025-09-03T02:34:17.444+05:30 DEBUG 18704 --- [USER-AUTHENTICATION-SERVICE] [http-nio-8089-exec-4] org.hibernate.SQL                        : 
    select
        u1_0.id,
        u1_0.email,
        u1_0.name,
        u1_0.password,
        u1_0.user_role 
    from
        user u1_0 
    where
        u1_0.email=? 
    limit
        ?
2025-09-03T02:36:44.311+05:30  INFO 18704 --- [USER-AUTHENTICATION-SERVICE] [AsyncResolver-bootstrap-executor-%d] c.n.d.s.r.aws.ConfigClusterResolver      : Resolving eureka endpoints via configuration
2025-09-03T02:41:44.334+05:30  INFO 18704 --- [USER-AUTHENTICATION-SERVICE] [AsyncResolver-bootstrap-executor-%d] c.n.d.s.r.aws.ConfigClusterResolver      : Resolving eureka endpoints via configuration
2025-09-03T02:45:23.596+05:30 DEBUG 18704 --- [USER-AUTHENTICATION-SERVICE] [http-nio-8089-exec-8] org.hibernate.SQL                        : 
    select
        u1_0.id,
        u1_0.email,
        u1_0.name,
        u1_0.password,
        u1_0.user_role 
    from
        user u1_0 
    where
        u1_0.email=? 
    limit
        ?
2025-09-03T02:45:23.804+05:30 DEBUG 18704 --- [USER-AUTHENTICATION-SERVICE] [http-nio-8089-exec-8] org.hibernate.SQL                        : 
    select
        u1_0.id,
        u1_0.email,
        u1_0.name,
        u1_0.password,
        u1_0.user_role 
    from
        user u1_0 
    where
        u1_0.email=? 
    limit
        ?
2025-09-03T02:45:23.810+05:30 DEBUG 18704 --- [USER-AUTHENTICATION-SERVICE] [http-nio-8089-exec-8] org.hibernate.SQL                        : 
    select
        u1_0.id,
        u1_0.email,
        u1_0.name,
        u1_0.password,
        u1_0.user_role 
    from
        user u1_0 
    where
        u1_0.email=? 
    limit
        ?
2025-09-03T02:46:44.261+05:30 DEBUG 18704 --- [USER-AUTHENTICATION-SERVICE] [http-nio-8089-exec-10] org.hibernate.SQL                        : 
    select
        u1_0.id,
        u1_0.email,
        u1_0.name,
        u1_0.password,
        u1_0.user_role 
    from
        user u1_0 
    where
        u1_0.email=? 
    limit
        ?
2025-09-03T02:46:44.367+05:30  INFO 18704 --- [USER-AUTHENTICATION-SERVICE] [AsyncResolver-bootstrap-executor-%d] c.n.d.s.r.aws.ConfigClusterResolver      : Resolving eureka endpoints via configuration
2025-09-03T02:46:44.545+05:30 DEBUG 18704 --- [USER-AUTHENTICATION-SERVICE] [http-nio-8089-exec-10] org.hibernate.SQL                        : 
    select
        u1_0.id,
        u1_0.email,
        u1_0.name,
        u1_0.password,
        u1_0.user_role 
    from
        user u1_0 
    where
        u1_0.email=? 
    limit
        ?
2025-09-03T02:46:44.548+05:30 DEBUG 18704 --- [USER-AUTHENTICATION-SERVICE] [http-nio-8089-exec-10] org.hibernate.SQL                        : 
    select
        u1_0.id,
        u1_0.email,
        u1_0.name,
        u1_0.password,
        u1_0.user_role 
    from
        user u1_0 
    where
        u1_0.email=? 
    limit
        ?
2025-09-03T02:47:29.691+05:30 DEBUG 18704 --- [USER-AUTHENTICATION-SERVICE] [http-nio-8089-exec-1] org.hibernate.SQL                        : 
    select
        u1_0.id,
        u1_0.email,
        u1_0.name,
        u1_0.password,
        u1_0.user_role 
    from
        user u1_0 
    where
        u1_0.email=? 
    limit
        ?
2025-09-03T02:47:29.906+05:30 DEBUG 18704 --- [USER-AUTHENTICATION-SERVICE] [http-nio-8089-exec-1] org.hibernate.SQL                        : 
    select
        u1_0.id,
        u1_0.email,
        u1_0.name,
        u1_0.password,
        u1_0.user_role 
    from
        user u1_0 
    where
        u1_0.email=? 
    limit
        ?
2025-09-03T02:47:29.910+05:30 DEBUG 18704 --- [USER-AUTHENTICATION-SERVICE] [http-nio-8089-exec-1] org.hibernate.SQL                        : 
    select
        u1_0.id,
        u1_0.email,
        u1_0.name,
        u1_0.password,
        u1_0.user_role 
    from
        user u1_0 
    where
        u1_0.email=? 
    limit
        ?
2025-09-03T02:51:44.386+05:30  INFO 18704 --- [USER-AUTHENTICATION-SERVICE] [AsyncResolver-bootstrap-executor-%d] c.n.d.s.r.aws.ConfigClusterResolver      : Resolving eureka endpoints via configuration
2025-09-03T02:56:44.406+05:30  INFO 18704 --- [USER-AUTHENTICATION-SERVICE] [AsyncResolver-bootstrap-executor-%d] c.n.d.s.r.aws.ConfigClusterResolver      : Resolving eureka endpoints via configuration
2025-09-03T02:58:11.150+05:30 DEBUG 18704 --- [USER-AUTHENTICATION-SERVICE] [http-nio-8089-exec-3] org.hibernate.SQL                        : 
    select
        u1_0.id,
        u1_0.email,
        u1_0.name,
        u1_0.password,
        u1_0.user_role 
    from
        user u1_0 
    where
        u1_0.email=? 
    limit
        ?
2025-09-03T02:58:11.319+05:30 DEBUG 18704 --- [USER-AUTHENTICATION-SERVICE] [http-nio-8089-exec-3] org.hibernate.SQL                        : 
    select
        u1_0.id,
        u1_0.email,
        u1_0.name,
        u1_0.password,
        u1_0.user_role 
    from
        user u1_0 
    where
        u1_0.email=? 
    limit
        ?
2025-09-03T02:58:11.326+05:30 DEBUG 18704 --- [USER-AUTHENTICATION-SERVICE] [http-nio-8089-exec-3] org.hibernate.SQL                        : 
    select
        u1_0.id,
        u1_0.email,
        u1_0.name,
        u1_0.password,
        u1_0.user_role 
    from
        user u1_0 
    where
        u1_0.email=? 
    limit
        ?
2025-09-03T02:58:35.871+05:30 DEBUG 18704 --- [USER-AUTHENTICATION-SERVICE] [http-nio-8089-exec-5] org.hibernate.SQL                        : 
    select
        u1_0.id,
        u1_0.email,
        u1_0.name,
        u1_0.password,
        u1_0.user_role 
    from
        user u1_0 
    where
        u1_0.email=? 
    limit
        ?
2025-09-03T02:58:35.999+05:30 DEBUG 18704 --- [USER-AUTHENTICATION-SERVICE] [http-nio-8089-exec-5] org.hibernate.SQL                        : 
    select
        u1_0.id,
        u1_0.email,
        u1_0.name,
        u1_0.password,
        u1_0.user_role 
    from
        user u1_0 
    where
        u1_0.email=? 
    limit
        ?
2025-09-03T02:58:36.003+05:30 DEBUG 18704 --- [USER-AUTHENTICATION-SERVICE] [http-nio-8089-exec-5] org.hibernate.SQL                        : 
    select
        u1_0.id,
        u1_0.email,
        u1_0.name,
        u1_0.password,
        u1_0.user_role 
    from
        user u1_0 
    where
        u1_0.email=? 
    limit
        ?
2025-09-03T03:01:44.461+05:30  INFO 18704 --- [USER-AUTHENTICATION-SERVICE] [AsyncResolver-bootstrap-executor-%d] c.n.d.s.r.aws.ConfigClusterResolver      : Resolving eureka endpoints via configuration
2025-09-03T03:06:44.490+05:30  INFO 18704 --- [USER-AUTHENTICATION-SERVICE] [AsyncResolver-bootstrap-executor-%d] c.n.d.s.r.aws.ConfigClusterResolver      : Resolving eureka endpoints via configuration
2025-09-03T03:11:44.560+05:30  INFO 18704 --- [USER-AUTHENTICATION-SERVICE] [AsyncResolver-bootstrap-executor-%d] c.n.d.s.r.aws.ConfigClusterResolver      : Resolving eureka endpoints via configuration
2025-09-03T03:16:44.578+05:30  INFO 18704 --- [USER-AUTHENTICATION-SERVICE] [AsyncResolver-bootstrap-executor-%d] c.n.d.s.r.aws.ConfigClusterResolver      : Resolving eureka endpoints via configuration
2025-09-03T03:21:44.637+05:30  INFO 18704 --- [USER-AUTHENTICATION-SERVICE] [AsyncResolver-bootstrap-executor-%d] c.n.d.s.r.aws.ConfigClusterResolver      : Resolving eureka endpoints via configuration
2025-09-03T03:26:44.708+05:30  INFO 18704 --- [USER-AUTHENTICATION-SERVICE] [AsyncResolver-bootstrap-executor-%d] c.n.d.s.r.aws.ConfigClusterResolver      : Resolving eureka endpoints via configuration
2025-09-03T03:31:45.016+05:30  INFO 18704 --- [USER-AUTHENTICATION-SERVICE] [AsyncResolver-bootstrap-executor-%d] c.n.d.s.r.aws.ConfigClusterResolver      : Resolving eureka endpoints via configuration
2025-09-03T03:36:45.026+05:30  INFO 18704 --- [USER-AUTHENTICATION-SERVICE] [AsyncResolver-bootstrap-executor-%d] c.n.d.s.r.aws.ConfigClusterResolver      : Resolving eureka endpoints via configuration
2025-09-03T03:41:45.043+05:30  INFO 18704 --- [USER-AUTHENTICATION-SERVICE] [AsyncResolver-bootstrap-executor-%d] c.n.d.s.r.aws.ConfigClusterResolver      : Resolving eureka endpoints via configuration
2025-09-03T03:46:00.671+05:30 DEBUG 18704 --- [USER-AUTHENTICATION-SERVICE] [http-nio-8089-exec-4] org.hibernate.SQL                        : 
    select
        u1_0.id,
        u1_0.email,
        u1_0.name,
        u1_0.password,
        u1_0.user_role 
    from
        user u1_0 
    where
        u1_0.email=? 
    limit
        ?
2025-09-03T03:46:00.849+05:30 DEBUG 18704 --- [USER-AUTHENTICATION-SERVICE] [http-nio-8089-exec-4] org.hibernate.SQL                        : 
    select
        u1_0.id,
        u1_0.email,
        u1_0.name,
        u1_0.password,
        u1_0.user_role 
    from
        user u1_0 
    where
        u1_0.email=? 
    limit
        ?
2025-09-03T03:46:00.852+05:30 DEBUG 18704 --- [USER-AUTHENTICATION-SERVICE] [http-nio-8089-exec-4] org.hibernate.SQL                        : 
    select
        u1_0.id,
        u1_0.email,
        u1_0.name,
        u1_0.password,
        u1_0.user_role 
    from
        user u1_0 
    where
        u1_0.email=? 
    limit
        ?
2025-09-03T03:46:45.076+05:30  INFO 18704 --- [USER-AUTHENTICATION-SERVICE] [AsyncResolver-bootstrap-executor-%d] c.n.d.s.r.aws.ConfigClusterResolver      : Resolving eureka endpoints via configuration
2025-09-03T03:51:45.098+05:30  INFO 18704 --- [USER-AUTHENTICATION-SERVICE] [AsyncResolver-bootstrap-executor-%d] c.n.d.s.r.aws.ConfigClusterResolver      : Resolving eureka endpoints via configuration
2025-09-03T03:56:45.116+05:30  INFO 18704 --- [USER-AUTHENTICATION-SERVICE] [AsyncResolver-bootstrap-executor-%d] c.n.d.s.r.aws.ConfigClusterResolver      : Resolving eureka endpoints via configuration
2025-09-03T03:58:43.041+05:30  INFO 18704 --- [USER-AUTHENTICATION-SERVICE] [RMI TCP Connection(398)-127.0.0.1] inMXBeanRegistrar$SpringApplicationAdmin : Application shutdown requested.
2025-09-03T03:58:43.041+05:30  INFO 18704 --- [USER-AUTHENTICATION-SERVICE] [RMI TCP Connection(396)-127.0.0.1] inMXBeanRegistrar$SpringApplicationAdmin : Application shutdown requested.
2025-09-03T03:58:43.113+05:30  INFO 18704 --- [USER-AUTHENTICATION-SERVICE] [RMI TCP Connection(396)-127.0.0.1] o.s.c.n.e.s.EurekaServiceRegistry        : Unregistering application USER-AUTHENTICATION-SERVICE with eureka with status DOWN
2025-09-03T03:58:43.120+05:30  INFO 18704 --- [USER-AUTHENTICATION-SERVICE] [RMI TCP Connection(396)-127.0.0.1] com.netflix.discovery.DiscoveryClient    : Saw local status change event StatusChangeEvent [timestamp=1756852123120, current=DOWN, previous=UP]
2025-09-03T03:58:43.124+05:30  INFO 18704 --- [USER-AUTHENTICATION-SERVICE] [DiscoveryClient-InstanceInfoReplicator-%d] com.netflix.discovery.DiscoveryClient    : DiscoveryClient_USER-AUTHENTICATION-SERVICE/chandu:USER-AUTHENTICATION-SERVICE:8089: registering service...
2025-09-03T03:58:43.189+05:30  INFO 18704 --- [USER-AUTHENTICATION-SERVICE] [RMI TCP Connection(396)-127.0.0.1] o.s.b.w.e.tomcat.GracefulShutdown        : Commencing graceful shutdown. Waiting for active requests to complete
2025-09-03T03:58:43.201+05:30  INFO 18704 --- [USER-AUTHENTICATION-SERVICE] [DiscoveryClient-InstanceInfoReplicator-%d] com.netflix.discovery.DiscoveryClient    : DiscoveryClient_USER-AUTHENTICATION-SERVICE/chandu:USER-AUTHENTICATION-SERVICE:8089 - registration status: 204
2025-09-03T03:58:43.222+05:30  INFO 18704 --- [USER-AUTHENTICATION-SERVICE] [tomcat-shutdown] o.s.b.w.e.tomcat.GracefulShutdown        : Graceful shutdown complete
2025-09-03T03:58:43.273+05:30  INFO 18704 --- [USER-AUTHENTICATION-SERVICE] [RMI TCP Connection(396)-127.0.0.1] j.LocalContainerEntityManagerFactoryBean : Closing JPA EntityManagerFactory for persistence unit 'default'
2025-09-03T03:58:43.304+05:30  INFO 18704 --- [USER-AUTHENTICATION-SERVICE] [RMI TCP Connection(396)-127.0.0.1] com.zaxxer.hikari.HikariDataSource       : HikariPool-9 - Shutdown initiated...
2025-09-03T03:58:43.313+05:30  INFO 18704 --- [USER-AUTHENTICATION-SERVICE] [RMI TCP Connection(396)-127.0.0.1] com.zaxxer.hikari.HikariDataSource       : HikariPool-9 - Shutdown completed.
2025-09-03T03:58:43.316+05:30  INFO 18704 --- [USER-AUTHENTICATION-SERVICE] [RMI TCP Connection(396)-127.0.0.1] com.netflix.discovery.DiscoveryClient    : Shutting down DiscoveryClient ...
